<?xml version="1.0" encoding="UTF-8"?>
<!-- Generated by org.testng.reporters.JUnitXMLReporter -->
<testsuite hostname="GISBIZ-LTP-85" ignored="0" name="Test" tests="4" failures="0" timestamp="12 Aug 2018 05:55:44 GMT" time="83.704" errors="0">
  <testcase name="createLead" time="7.032" classname="reportsTestday6.CreateLead"/>
  <testcase name="createLead" time="6.601" classname="reportsTestday6.CreateLead"/>
  <testcase name="createLead" time="7.26" classname="reportsTestday6.CreateLead"/>
  <testcase name="EditLeadTest" time="13.221" classname="reportsTestday6.EditLead"/>
</testsuite> <!-- Test -->
