<?xml version="1.0" encoding="UTF-8"?>
<testng-results skipped="0" failed="1" ignored="0" total="6" passed="5">
  <reporter-output>
  </reporter-output>
  <suite name="Suite" duration-ms="139438" started-at="2018-08-11T10:47:18Z" finished-at="2018-08-11T10:49:37Z">
    <groups>
    </groups>
    <test name="Test" duration-ms="139438" started-at="2018-08-11T10:47:18Z" finished-at="2018-08-11T10:49:37Z">
      <class name="reportsTestday6.CreateLead">
        <test-method status="PASS" signature="login(java.lang.String, java.lang.String, java.lang.String)[pri:0, instance:reportsTestday6.CreateLead@517cd4b]" name="login" is-config="true" duration-ms="12199" started-at="2018-08-11T10:47:18Z" finished-at="2018-08-11T10:47:30Z">
          <params>
            <param index="0">
              <value>
                <![CDATA[http://leaftaps.com/opentaps/]]>
              </value>
            </param>
            <param index="1">
              <value>
                <![CDATA[DemoSalesManager]]>
              </value>
            </param>
            <param index="2">
              <value>
                <![CDATA[crmsfa]]>
              </value>
            </param>
          </params>
          <reporter-output>
          </reporter-output>
        </test-method> <!-- login -->
        <test-method status="PASS" signature="createLead(java.lang.String, java.lang.String, java.lang.String, java.lang.String, int)[pri:0, instance:reportsTestday6.CreateLead@517cd4b]" name="createLead" duration-ms="4566" started-at="2018-08-11T10:47:30Z" data-provider="fetchData" finished-at="2018-08-11T10:47:35Z">
          <params>
            <param index="0">
              <value>
                <![CDATA[TestLeaf]]>
              </value>
            </param>
            <param index="1">
              <value>
                <![CDATA[Babu]]>
              </value>
            </param>
            <param index="2">
              <value>
                <![CDATA[M]]>
              </value>
            </param>
            <param index="3">
              <value>
                <![CDATA[babu@testleaf.com]]>
              </value>
            </param>
            <param index="4">
              <value>
                <![CDATA[12345678]]>
              </value>
            </param>
          </params>
          <reporter-output>
          </reporter-output>
        </test-method> <!-- createLead -->
        <test-method status="PASS" signature="closeApp()[pri:0, instance:reportsTestday6.CreateLead@517cd4b]" name="closeApp" is-config="true" duration-ms="53" started-at="2018-08-11T10:47:35Z" finished-at="2018-08-11T10:47:35Z">
          <reporter-output>
          </reporter-output>
        </test-method> <!-- closeApp -->
        <test-method status="PASS" signature="login(java.lang.String, java.lang.String, java.lang.String)[pri:0, instance:reportsTestday6.CreateLead@517cd4b]" name="login" is-config="true" duration-ms="8906" started-at="2018-08-11T10:47:35Z" finished-at="2018-08-11T10:47:44Z">
          <params>
            <param index="0">
              <value>
                <![CDATA[http://leaftaps.com/opentaps/]]>
              </value>
            </param>
            <param index="1">
              <value>
                <![CDATA[DemoSalesManager]]>
              </value>
            </param>
            <param index="2">
              <value>
                <![CDATA[crmsfa]]>
              </value>
            </param>
          </params>
          <reporter-output>
          </reporter-output>
        </test-method> <!-- login -->
        <test-method status="PASS" signature="createLead(java.lang.String, java.lang.String, java.lang.String, java.lang.String, int)[pri:0, instance:reportsTestday6.CreateLead@517cd4b]" name="createLead" duration-ms="5572" started-at="2018-08-11T10:47:44Z" data-provider="fetchData" finished-at="2018-08-11T10:47:49Z">
          <params>
            <param index="0">
              <value>
                <![CDATA[TL]]>
              </value>
            </param>
            <param index="1">
              <value>
                <![CDATA[Sarath]]>
              </value>
            </param>
            <param index="2">
              <value>
                <![CDATA[M]]>
              </value>
            </param>
            <param index="3">
              <value>
                <![CDATA[sarath@testleaf.com]]>
              </value>
            </param>
            <param index="4">
              <value>
                <![CDATA[98989856]]>
              </value>
            </param>
          </params>
          <reporter-output>
          </reporter-output>
        </test-method> <!-- createLead -->
        <test-method status="PASS" signature="closeApp()[pri:0, instance:reportsTestday6.CreateLead@517cd4b]" name="closeApp" is-config="true" duration-ms="189" started-at="2018-08-11T10:47:49Z" finished-at="2018-08-11T10:47:49Z">
          <reporter-output>
          </reporter-output>
        </test-method> <!-- closeApp -->
        <test-method status="PASS" signature="login(java.lang.String, java.lang.String, java.lang.String)[pri:0, instance:reportsTestday6.CreateLead@517cd4b]" name="login" is-config="true" duration-ms="8645" started-at="2018-08-11T10:47:49Z" finished-at="2018-08-11T10:47:58Z">
          <params>
            <param index="0">
              <value>
                <![CDATA[http://leaftaps.com/opentaps/]]>
              </value>
            </param>
            <param index="1">
              <value>
                <![CDATA[DemoSalesManager]]>
              </value>
            </param>
            <param index="2">
              <value>
                <![CDATA[crmsfa]]>
              </value>
            </param>
          </params>
          <reporter-output>
          </reporter-output>
        </test-method> <!-- login -->
        <test-method status="PASS" signature="createLead(java.lang.String, java.lang.String, java.lang.String, java.lang.String, int)[pri:0, instance:reportsTestday6.CreateLead@517cd4b]" name="createLead" duration-ms="4682" started-at="2018-08-11T10:47:58Z" data-provider="fetchData" finished-at="2018-08-11T10:48:03Z">
          <params>
            <param index="0">
              <value>
                <![CDATA[TL]]>
              </value>
            </param>
            <param index="1">
              <value>
                <![CDATA[Koushik]]>
              </value>
            </param>
            <param index="2">
              <value>
                <![CDATA[M]]>
              </value>
            </param>
            <param index="3">
              <value>
                <![CDATA[Koushik@testleaf.com]]>
              </value>
            </param>
            <param index="4">
              <value>
                <![CDATA[76767676]]>
              </value>
            </param>
          </params>
          <reporter-output>
          </reporter-output>
        </test-method> <!-- createLead -->
        <test-method status="PASS" signature="closeApp()[pri:0, instance:reportsTestday6.CreateLead@517cd4b]" name="closeApp" is-config="true" duration-ms="185" started-at="2018-08-11T10:48:03Z" finished-at="2018-08-11T10:48:03Z">
          <reporter-output>
          </reporter-output>
        </test-method> <!-- closeApp -->
      </class> <!-- reportsTestday6.CreateLead -->
      <class name="reportsTestday6.DeleteLead">
        <test-method status="PASS" signature="login(java.lang.String, java.lang.String, java.lang.String)[pri:0, instance:reportsTestday6.DeleteLead@679b62af]" name="login" is-config="true" duration-ms="9705" started-at="2018-08-11T10:48:52Z" finished-at="2018-08-11T10:49:02Z">
          <params>
            <param index="0">
              <value>
                <![CDATA[http://leaftaps.com/opentaps/]]>
              </value>
            </param>
            <param index="1">
              <value>
                <![CDATA[DemoSalesManager]]>
              </value>
            </param>
            <param index="2">
              <value>
                <![CDATA[crmsfa]]>
              </value>
            </param>
          </params>
          <reporter-output>
          </reporter-output>
        </test-method> <!-- login -->
        <test-method status="FAIL" signature="deleteLead()[pri:0, instance:reportsTestday6.DeleteLead@679b62af]" name="deleteLead" duration-ms="33095" started-at="2018-08-11T10:49:02Z" finished-at="2018-08-11T10:49:35Z">
          <exception class="org.openqa.selenium.NoSuchElementException">
            <message>
              <![CDATA[no such element: Unable to locate element: {"method":"link text","selector":"Gayu"}
  (Session info: chrome=68.0.3440.106)
  (Driver info: chromedriver=2.40.565498 (ea082db3280dd6843ebfb08a625e3eb905c4f5ab),platform=Windows NT 10.0.15063 x86_64) (WARNING: The server did not provide any stacktrace information)
Command duration or timeout: 0 milliseconds
For documentation on this error, please visit: http://seleniumhq.org/exceptions/no_such_element.html
Build info: version: '3.11.0', revision: 'e59cfb3', time: '2018-03-11T20:26:55.152Z'
System info: host: 'GISBIZ-LTP-85', ip: '192.168.1.124', os.name: 'Windows 10', os.arch: 'amd64', os.version: '10.0', java.version: '1.8.0_172'
Driver info: org.openqa.selenium.chrome.ChromeDriver
Capabilities {acceptInsecureCerts: false, acceptSslCerts: false, applicationCacheEnabled: false, browserConnectionEnabled: false, browserName: chrome, chrome: {chromedriverVersion: 2.40.565498 (ea082db3280dd6..., userDataDir: C:\Users\BINODI~1.SAH\AppDa...}, cssSelectorsEnabled: true, databaseEnabled: false, handlesAlerts: true, hasTouchScreen: false, javascriptEnabled: true, locationContextEnabled: true, mobileEmulationEnabled: false, nativeEvents: true, networkConnectionEnabled: false, pageLoadStrategy: normal, platform: XP, platformName: XP, rotatable: false, setWindowRect: true, takesHeapSnapshot: true, takesScreenshot: true, unexpectedAlertBehaviour: , unhandledPromptBehavior: , version: 68.0.3440.106, webStorageEnabled: true}
Session ID: d34766d380beb1b0eb0153550af1a4fe
*** Element info: {Using=link text, value=Gayu}]]>
            </message>
            <full-stacktrace>
              <![CDATA[org.openqa.selenium.NoSuchElementException: no such element: Unable to locate element: {"method":"link text","selector":"Gayu"}
  (Session info: chrome=68.0.3440.106)
  (Driver info: chromedriver=2.40.565498 (ea082db3280dd6843ebfb08a625e3eb905c4f5ab),platform=Windows NT 10.0.15063 x86_64) (WARNING: The server did not provide any stacktrace information)
Command duration or timeout: 0 milliseconds
For documentation on this error, please visit: http://seleniumhq.org/exceptions/no_such_element.html
Build info: version: '3.11.0', revision: 'e59cfb3', time: '2018-03-11T20:26:55.152Z'
System info: host: 'GISBIZ-LTP-85', ip: '192.168.1.124', os.name: 'Windows 10', os.arch: 'amd64', os.version: '10.0', java.version: '1.8.0_172'
Driver info: org.openqa.selenium.chrome.ChromeDriver
Capabilities {acceptInsecureCerts: false, acceptSslCerts: false, applicationCacheEnabled: false, browserConnectionEnabled: false, browserName: chrome, chrome: {chromedriverVersion: 2.40.565498 (ea082db3280dd6..., userDataDir: C:\Users\BINODI~1.SAH\AppDa...}, cssSelectorsEnabled: true, databaseEnabled: false, handlesAlerts: true, hasTouchScreen: false, javascriptEnabled: true, locationContextEnabled: true, mobileEmulationEnabled: false, nativeEvents: true, networkConnectionEnabled: false, pageLoadStrategy: normal, platform: XP, platformName: XP, rotatable: false, setWindowRect: true, takesHeapSnapshot: true, takesScreenshot: true, unexpectedAlertBehaviour: , unhandledPromptBehavior: , version: 68.0.3440.106, webStorageEnabled: true}
Session ID: d34766d380beb1b0eb0153550af1a4fe
*** Element info: {Using=link text, value=Gayu}
at sun.reflect.NativeConstructorAccessorImpl.newInstance0(Native Method)
at sun.reflect.NativeConstructorAccessorImpl.newInstance(NativeConstructorAccessorImpl.java:62)
at sun.reflect.DelegatingConstructorAccessorImpl.newInstance(DelegatingConstructorAccessorImpl.java:45)
at java.lang.reflect.Constructor.newInstance(Constructor.java:423)
at org.openqa.selenium.remote.ErrorHandler.createThrowable(ErrorHandler.java:214)
at org.openqa.selenium.remote.ErrorHandler.throwIfResponseFailed(ErrorHandler.java:166)
at org.openqa.selenium.remote.http.JsonHttpResponseCodec.reconstructValue(JsonHttpResponseCodec.java:40)
at org.openqa.selenium.remote.http.AbstractHttpResponseCodec.decode(AbstractHttpResponseCodec.java:80)
at org.openqa.selenium.remote.http.AbstractHttpResponseCodec.decode(AbstractHttpResponseCodec.java:44)
at org.openqa.selenium.remote.HttpCommandExecutor.execute(HttpCommandExecutor.java:158)
at org.openqa.selenium.remote.service.DriverCommandExecutor.execute(DriverCommandExecutor.java:83)
at org.openqa.selenium.remote.RemoteWebDriver.execute(RemoteWebDriver.java:545)
at org.openqa.selenium.remote.RemoteWebDriver.findElement(RemoteWebDriver.java:319)
at org.openqa.selenium.remote.RemoteWebDriver.findElementByLinkText(RemoteWebDriver.java:373)
at org.openqa.selenium.By$ByLinkText.findElement(By.java:246)
at org.openqa.selenium.remote.RemoteWebDriver.findElement(RemoteWebDriver.java:311)
at wdMethods.SeMethods.locateElement(SeMethods.java:61)
at reportsTestday6.DeleteLead.deleteLead(DeleteLead.java:34)
at sun.reflect.NativeMethodAccessorImpl.invoke0(Native Method)
at sun.reflect.NativeMethodAccessorImpl.invoke(NativeMethodAccessorImpl.java:62)
at sun.reflect.DelegatingMethodAccessorImpl.invoke(DelegatingMethodAccessorImpl.java:43)
at java.lang.reflect.Method.invoke(Method.java:498)
at org.testng.internal.MethodInvocationHelper.invokeMethod(MethodInvocationHelper.java:124)
at org.testng.internal.Invoker.invokeMethod(Invoker.java:583)
at org.testng.internal.Invoker.invokeTestMethod(Invoker.java:719)
at org.testng.internal.Invoker.invokeTestMethods(Invoker.java:989)
at org.testng.internal.TestMethodWorker.invokeTestMethods(TestMethodWorker.java:125)
at org.testng.internal.TestMethodWorker.run(TestMethodWorker.java:109)
at org.testng.TestRunner.privateRun(TestRunner.java:648)
at org.testng.TestRunner.run(TestRunner.java:505)
at org.testng.SuiteRunner.runTest(SuiteRunner.java:455)
at org.testng.SuiteRunner.runSequentially(SuiteRunner.java:450)
at org.testng.SuiteRunner.privateRun(SuiteRunner.java:415)
at org.testng.SuiteRunner.run(SuiteRunner.java:364)
at org.testng.SuiteRunnerWorker.runSuite(SuiteRunnerWorker.java:52)
at org.testng.SuiteRunnerWorker.run(SuiteRunnerWorker.java:84)
at org.testng.TestNG.runSuitesSequentially(TestNG.java:1208)
at org.testng.TestNG.runSuitesLocally(TestNG.java:1137)
at org.testng.TestNG.runSuites(TestNG.java:1049)
at org.testng.TestNG.run(TestNG.java:1017)
at org.testng.remote.AbstractRemoteTestNG.run(AbstractRemoteTestNG.java:114)
at org.testng.remote.RemoteTestNG.initAndRun(RemoteTestNG.java:251)
at org.testng.remote.RemoteTestNG.main(RemoteTestNG.java:77)
]]>
            </full-stacktrace>
          </exception> <!-- org.openqa.selenium.NoSuchElementException -->
          <reporter-output>
          </reporter-output>
        </test-method> <!-- deleteLead -->
        <test-method status="PASS" signature="closeApp()[pri:0, instance:reportsTestday6.DeleteLead@679b62af]" name="closeApp" is-config="true" duration-ms="2322" started-at="2018-08-11T10:49:35Z" finished-at="2018-08-11T10:49:37Z">
          <reporter-output>
          </reporter-output>
        </test-method> <!-- closeApp -->
      </class> <!-- reportsTestday6.DeleteLead -->
      <class name="reportsTestday6.DuplicateLead">
        <test-method status="PASS" signature="login(java.lang.String, java.lang.String, java.lang.String)[pri:0, instance:reportsTestday6.DuplicateLead@32cf48b7]" name="login" is-config="true" duration-ms="9632" started-at="2018-08-11T10:48:25Z" finished-at="2018-08-11T10:48:35Z">
          <params>
            <param index="0">
              <value>
                <![CDATA[http://leaftaps.com/opentaps/]]>
              </value>
            </param>
            <param index="1">
              <value>
                <![CDATA[DemoSalesManager]]>
              </value>
            </param>
            <param index="2">
              <value>
                <![CDATA[crmsfa]]>
              </value>
            </param>
          </params>
          <reporter-output>
          </reporter-output>
        </test-method> <!-- login -->
        <test-method status="PASS" signature="duplicateLead()[pri:0, instance:reportsTestday6.DuplicateLead@32cf48b7]" name="duplicateLead" duration-ms="17362" started-at="2018-08-11T10:48:35Z" finished-at="2018-08-11T10:48:52Z">
          <reporter-output>
          </reporter-output>
        </test-method> <!-- duplicateLead -->
        <test-method status="PASS" signature="closeApp()[pri:0, instance:reportsTestday6.DuplicateLead@32cf48b7]" name="closeApp" is-config="true" duration-ms="205" started-at="2018-08-11T10:48:52Z" finished-at="2018-08-11T10:48:52Z">
          <reporter-output>
          </reporter-output>
        </test-method> <!-- closeApp -->
      </class> <!-- reportsTestday6.DuplicateLead -->
      <class name="reportsTestday6.EditLead">
        <test-method status="PASS" signature="login(java.lang.String, java.lang.String, java.lang.String)[pri:0, instance:reportsTestday6.EditLead@6cc7b4de]" name="login" is-config="true" duration-ms="11272" started-at="2018-08-11T10:48:03Z" finished-at="2018-08-11T10:48:14Z">
          <params>
            <param index="0">
              <value>
                <![CDATA[http://leaftaps.com/opentaps/]]>
              </value>
            </param>
            <param index="1">
              <value>
                <![CDATA[DemoSalesManager]]>
              </value>
            </param>
            <param index="2">
              <value>
                <![CDATA[crmsfa]]>
              </value>
            </param>
          </params>
          <reporter-output>
          </reporter-output>
        </test-method> <!-- login -->
        <test-method status="PASS" signature="EditLeadTest()[pri:0, instance:reportsTestday6.EditLead@6cc7b4de]" name="EditLeadTest" duration-ms="10344" started-at="2018-08-11T10:48:14Z" finished-at="2018-08-11T10:48:24Z">
          <reporter-output>
          </reporter-output>
        </test-method> <!-- EditLeadTest -->
        <test-method status="PASS" signature="closeApp()[pri:0, instance:reportsTestday6.EditLead@6cc7b4de]" name="closeApp" is-config="true" duration-ms="474" started-at="2018-08-11T10:48:24Z" finished-at="2018-08-11T10:48:25Z">
          <reporter-output>
          </reporter-output>
        </test-method> <!-- closeApp -->
      </class> <!-- reportsTestday6.EditLead -->
    </test> <!-- Test -->
  </suite> <!-- Suite -->
</testng-results>
